2023-07-08 16:47:00,333 [INFO] Activator:176 - 


2023-07-08 16:47:00,335 [INFO] Activator:177 - !SESSION log4j initialized
2023-07-08 16:47:02,733 [INFO] LogOutputStream:77 - [STDOUT_REDIRECT] 
2023-07-08 16:47:07,406 [INFO] ApplicationProperties:184 - Using Application install path: /opt/st/stm32cubeide_1.12.1/plugins/com.st.stm32cube.common.mx_6.8.1.202304191431
2023-07-08 16:47:07,429 [INFO] DbMcusXml:78 - Set database path to: /opt/st/stm32cubeide_1.12.1/plugins/com.st.stm32cube.common.mx_6.8.1.202304191431//db//mcu/
2023-07-08 16:47:07,430 [INFO] ApiDb:274 - Set plugin database path to: /opt/st/stm32cubeide_1.12.1/plugins/com.st.stm32cube.common.mx_6.8.1.202304191431//db//plugins/boardmanager/
2023-07-08 16:47:07,435 [WARN] ApiDb:259 - Overriding images path with different value:  => /opt/st/stm32cubeide_1.12.1/plugins/com.st.stm32cube.common.mx_6.8.1.202304191431//db//plugins/mcufinder/images/
2023-07-08 16:47:07,452 [INFO] ApiDb:250 - Set database path to: /home/fabio/.stmcufinder/plugins/mcufinder//mcu/
2023-07-08 16:47:07,454 [INFO] DbMcusAds:125 - Set database path to: /home/fabio/.stmcufinder/plugins/mcufinder//mcu/
2023-07-08 16:47:07,456 [INFO] CrossReferenceDbSqlite:203 - Set database path to: /home/fabio/.stmcufinder/plugins/mcufinder//mcu/cs/
2023-07-08 16:47:07,606 [INFO] RulesReader:64 - Compatibility file has been processed (293 Rules)
2023-07-08 16:47:07,672 [INFO] DbMcusXml:78 - Set database path to: /opt/st/stm32cubeide_1.12.1/plugins/com.st.stm32cube.common.mx_6.8.1.202304191431//db//mcu/
2023-07-08 16:47:07,672 [INFO] ApiDb:274 - Set plugin database path to: /opt/st/stm32cubeide_1.12.1/plugins/com.st.stm32cube.common.mx_6.8.1.202304191431//db//plugins/boardmanager/
2023-07-08 16:47:07,672 [INFO] ApiDb:261 - Set plugin images path to: /opt/st/stm32cubeide_1.12.1/plugins/com.st.stm32cube.common.mx_6.8.1.202304191431//db//plugins/mcufinder/images/
2023-07-08 16:47:07,673 [WARN] DbFile:41 - Overriding database path with different value: /home/fabio/.stmcufinder/plugins/mcufinder/ => /home/fabio/.stmcufinder/plugins/mcufinder
2023-07-08 16:47:07,673 [INFO] ApiDb:250 - Set database path to: /home/fabio/.stmcufinder/plugins/mcufinder//mcu/
2023-07-08 16:47:07,673 [WARN] DbFile:41 - Overriding database path with different value: /home/fabio/.stmcufinder/plugins/mcufinder/ => /home/fabio/.stmcufinder/plugins/mcufinder
2023-07-08 16:47:07,673 [INFO] DbMcusAds:125 - Set database path to: /home/fabio/.stmcufinder/plugins/mcufinder//mcu/
2023-07-08 16:47:07,674 [WARN] DbFile:41 - Overriding database path with different value: /home/fabio/.stmcufinder/plugins/mcufinder/ => /home/fabio/.stmcufinder/plugins/mcufinder
2023-07-08 16:47:07,674 [WARN] DbFile:41 - Overriding database path with different value: /home/fabio/.stmcufinder/plugins/mcufinder/ => /home/fabio/.stmcufinder/plugins/mcufinder
2023-07-08 16:47:07,674 [INFO] CrossReferenceDbSqlite:203 - Set database path to: /home/fabio/.stmcufinder/plugins/mcufinder//mcu/cs/
2023-07-08 16:47:07,753 [INFO] MainPanel:253 - HeapMemory: 268435456
2023-07-08 16:47:07,860 [INFO] DbMcusXml:78 - Set database path to: /opt/st/stm32cubeide_1.12.1/plugins/com.st.stm32cube.common.mx_6.8.1.202304191431//db//mcu/
2023-07-08 16:47:07,861 [INFO] ApiDb:274 - Set plugin database path to: /opt/st/stm32cubeide_1.12.1/plugins/com.st.stm32cube.common.mx_6.8.1.202304191431//db//plugins/boardmanager/
2023-07-08 16:47:07,861 [INFO] ApiDb:261 - Set plugin images path to: /opt/st/stm32cubeide_1.12.1/plugins/com.st.stm32cube.common.mx_6.8.1.202304191431//db//plugins/mcufinder/images/
2023-07-08 16:47:07,861 [WARN] DbFile:41 - Overriding database path with different value: /home/fabio/.stmcufinder/plugins/mcufinder/ => /home/fabio/.stmcufinder/plugins/mcufinder
2023-07-08 16:47:07,862 [INFO] ApiDb:250 - Set database path to: /home/fabio/.stmcufinder/plugins/mcufinder//mcu/
2023-07-08 16:47:07,862 [WARN] DbFile:41 - Overriding database path with different value: /home/fabio/.stmcufinder/plugins/mcufinder/ => /home/fabio/.stmcufinder/plugins/mcufinder
2023-07-08 16:47:07,862 [INFO] DbMcusAds:125 - Set database path to: /home/fabio/.stmcufinder/plugins/mcufinder//mcu/
2023-07-08 16:47:07,862 [WARN] DbFile:41 - Overriding database path with different value: /home/fabio/.stmcufinder/plugins/mcufinder/ => /home/fabio/.stmcufinder/plugins/mcufinder
2023-07-08 16:47:07,862 [WARN] DbFile:41 - Overriding database path with different value: /home/fabio/.stmcufinder/plugins/mcufinder/ => /home/fabio/.stmcufinder/plugins/mcufinder
2023-07-08 16:47:07,863 [INFO] CrossReferenceDbSqlite:203 - Set database path to: /home/fabio/.stmcufinder/plugins/mcufinder//mcu/cs/
2023-07-08 16:47:07,886 [INFO] ApplicationProperties:184 - Using Application install path: /opt/st/stm32cubeide_1.12.1/plugins/com.st.stm32cube.common.mx_6.8.1.202304191431
2023-07-08 16:47:07,888 [INFO] PluginManage:196 - Search for loadable plugins [exclusion list=, ]
2023-07-08 16:47:07,889 [INFO] PluginManage:310 - Check plugin analytics
2023-07-08 16:47:08,101 [INFO] AnalyticsPlugin:253 - Accepted Software Licenses: STM32CubeMX.6.8.1
2023-07-08 16:47:08,102 [INFO] AnalyticsPlugin:255 - Accepted CMSIS Pack Licenses: 
2023-07-08 16:47:08,102 [INFO] AnalyticsPlugin:257 - Accepted Firmware Licenses: FW.C0.1.0.0
2023-07-08 16:47:08,110 [INFO] PluginManage:359 - Loaded plugin analytics (category:tool,tabindex:-1)
2023-07-08 16:47:08,111 [INFO] PluginManage:310 - Check plugin cadmodel
2023-07-08 16:47:08,157 [INFO] CADModel:105 - Init CAD model plugin
2023-07-08 16:47:08,157 [INFO] PluginManage:359 - Loaded plugin cadmodel (category:power,tabindex:5)
2023-07-08 16:47:08,158 [INFO] PluginManage:310 - Check plugin clock
2023-07-08 16:47:08,166 [INFO] PluginManage:359 - Loaded plugin clock (category:base,tabindex:2)
2023-07-08 16:47:08,166 [INFO] PluginManage:310 - Check plugin ddr
2023-07-08 16:47:08,168 [INFO] PluginManage:359 - Loaded plugin ddr (category:tool,tabindex:6)
2023-07-08 16:47:08,168 [INFO] PluginManage:310 - Check plugin filemanager
2023-07-08 16:47:08,313 [INFO] PluginManage:359 - Loaded plugin filemanager (category:base,tabindex:10)
2023-07-08 16:47:08,313 [INFO] PluginManage:310 - Check plugin ipmanager
2023-07-08 16:47:08,320 [INFO] PluginManage:359 - Loaded plugin ipmanager (category:base,tabindex:5)
2023-07-08 16:47:08,320 [INFO] PluginManage:310 - Check plugin lpbam
2023-07-08 16:47:08,333 [INFO] PluginManage:359 - Loaded plugin lpbam (category:base,tabindex:0)
2023-07-08 16:47:08,334 [INFO] PluginManage:310 - Check plugin pinoutandconfiguration
2023-07-08 16:47:08,344 [INFO] PluginManage:359 - Loaded plugin pinoutandconfiguration (category:base,tabindex:1)
2023-07-08 16:47:08,344 [INFO] PluginManage:310 - Check plugin pinoutconfig
2023-07-08 16:47:08,431 [WARN] SupportedApi:132 - Cannot load RTOS API schema: s4s-elt-must-match.1: The content of 'definitions' must match (annotation?, (simpleType | complexType)?, (unique | key | keyref)*)). A problem was found starting at: attribute.
2023-07-08 16:47:08,600 [INFO] PluginManage:359 - Loaded plugin pinoutconfig (category:base,tabindex:0)
2023-07-08 16:47:08,600 [INFO] PluginManage:310 - Check plugin power
2023-07-08 16:47:08,611 [INFO] PluginManage:359 - Loaded plugin power (category:power,tabindex:4)
2023-07-08 16:47:08,611 [INFO] PluginManage:310 - Check plugin projectmanager
2023-07-08 16:47:08,630 [INFO] PluginManage:359 - Loaded plugin projectmanager (category:projectmanager,tabindex:3)
2023-07-08 16:47:08,630 [INFO] PluginManage:310 - Check plugin thirdparty
2023-07-08 16:47:08,766 [INFO] PluginManage:359 - Loaded plugin thirdparty (category:base,tabindex:-1)
2023-07-08 16:47:08,766 [INFO] PluginManage:310 - Check plugin tools
2023-07-08 16:47:08,766 [WARN] IntegrityCheckThread:84 - waiting for thirdparty lock release [integrity check]
2023-07-08 16:47:08,767 [INFO] IntegrityCheckThread:86 - entering critical section [integrity check]
2023-07-08 16:47:08,769 [INFO] PluginManage:359 - Loaded plugin tools (category:base,tabindex:7)
2023-07-08 16:47:08,769 [INFO] PluginManage:310 - Check plugin tutovideos
2023-07-08 16:47:08,769 [INFO] ThirdPartyUpdaterWithRetryManager:70 - Updater plugin not ready yet. [1/15]
2023-07-08 16:47:09,008 [INFO] PluginManage:359 - Loaded plugin tutovideos (category:base,tabindex:-1)
2023-07-08 16:47:09,011 [INFO] PluginManage:310 - Check plugin updater
2023-07-08 16:47:09,033 [INFO] PluginManage:359 - Loaded plugin updater (category:base,tabindex:12)
2023-07-08 16:47:09,034 [INFO] PluginManage:283 - PluginManage : Loaded plugins [15]
2023-07-08 16:47:09,365 [INFO] PinOutPanel:1499 - setPackage(No Configuration,No Configuration)
2023-07-08 16:47:09,444 [INFO] CADModel:165 - CPN selected for project level
2023-07-08 16:47:09,444 [INFO] CADModel:114 - Register for checkConnection events
2023-07-08 16:47:09,463 [INFO] IPUIPlugin:80 - create IPUIPlugin
2023-07-08 16:47:09,465 [INFO] PluginManager:220 - loadIPPluginJar : add stm32_wpan
2023-07-08 16:47:09,467 [INFO] IPUIPlugin:80 - create IPUIPlugin
2023-07-08 16:47:09,468 [INFO] PluginManager:220 - loadIPPluginJar : add spi
2023-07-08 16:47:09,470 [INFO] IPUIPlugin:80 - create IPUIPlugin
2023-07-08 16:47:09,470 [INFO] PluginManager:220 - loadIPPluginJar : add i2c
2023-07-08 16:47:09,472 [INFO] IPUIPlugin:80 - create IPUIPlugin
2023-07-08 16:47:09,473 [INFO] PluginManager:220 - loadIPPluginJar : add ucpd
2023-07-08 16:47:09,477 [INFO] IPUIPlugin:80 - create IPUIPlugin
2023-07-08 16:47:09,478 [INFO] PluginManager:220 - loadIPPluginJar : add adc
2023-07-08 16:47:09,479 [INFO] IPUIPlugin:80 - create IPUIPlugin
2023-07-08 16:47:09,479 [INFO] PluginManager:220 - loadIPPluginJar : add tsc
2023-07-08 16:47:09,483 [INFO] IPUIPlugin:80 - create IPUIPlugin
2023-07-08 16:47:09,484 [INFO] PluginManager:220 - loadIPPluginJar : add gpio
2023-07-08 16:47:09,486 [INFO] IPUIPlugin:80 - create IPUIPlugin
2023-07-08 16:47:09,487 [INFO] PluginManager:220 - loadIPPluginJar : add comp
2023-07-08 16:47:09,490 [INFO] IPUIPlugin:80 - create IPUIPlugin
2023-07-08 16:47:09,490 [INFO] PluginManager:220 - loadIPPluginJar : add usbx
2023-07-08 16:47:09,517 [INFO] IPUIPlugin:80 - create IPUIPlugin
2023-07-08 16:47:09,518 [INFO] PluginManager:220 - loadIPPluginJar : add openamp
2023-07-08 16:47:09,525 [INFO] IPUIPlugin:80 - create IPUIPlugin
2023-07-08 16:47:09,525 [INFO] PluginManager:220 - loadIPPluginJar : add lorawan
2023-07-08 16:47:09,527 [INFO] IPUIPlugin:80 - create IPUIPlugin
2023-07-08 16:47:09,527 [INFO] PluginManager:220 - loadIPPluginJar : add genericplugin
2023-07-08 16:47:09,530 [INFO] IPUIPlugin:80 - create IPUIPlugin
2023-07-08 16:47:09,530 [INFO] PluginManager:220 - loadIPPluginJar : add cryp
2023-07-08 16:47:09,532 [INFO] IPUIPlugin:80 - create IPUIPlugin
2023-07-08 16:47:09,533 [INFO] PluginManager:220 - loadIPPluginJar : add tim
2023-07-08 16:47:09,539 [INFO] IPUIPlugin:80 - create IPUIPlugin
2023-07-08 16:47:09,540 [INFO] PluginManager:220 - loadIPPluginJar : add freertos
2023-07-08 16:47:09,546 [INFO] IPUIPlugin:80 - create IPUIPlugin
2023-07-08 16:47:09,550 [INFO] PluginManager:220 - loadIPPluginJar : add plateformsettings
2023-07-08 16:47:09,554 [INFO] IPUIPlugin:80 - create IPUIPlugin
2023-07-08 16:47:09,554 [INFO] PluginManager:220 - loadIPPluginJar : add quadspi
2023-07-08 16:47:09,558 [INFO] IPUIPlugin:80 - create IPUIPlugin
2023-07-08 16:47:09,558 [INFO] PluginManager:220 - loadIPPluginJar : add resmgrutility
2023-07-08 16:47:09,562 [INFO] IPUIPlugin:80 - create IPUIPlugin
2023-07-08 16:47:09,562 [INFO] PluginManager:220 - loadIPPluginJar : add i3c
2023-07-08 16:47:09,570 [INFO] IPUIPlugin:80 - create IPUIPlugin
2023-07-08 16:47:09,571 [INFO] PluginManager:220 - loadIPPluginJar : add linkedlist
2023-07-08 16:47:09,573 [INFO] IPUIPlugin:80 - create IPUIPlugin
2023-07-08 16:47:09,574 [INFO] PluginManager:220 - loadIPPluginJar : add sai
2023-07-08 16:47:09,580 [INFO] IPUIPlugin:80 - create IPUIPlugin
2023-07-08 16:47:09,580 [INFO] PluginManager:220 - loadIPPluginJar : add gic
2023-07-08 16:47:09,581 [INFO] IPUIPlugin:80 - create IPUIPlugin
2023-07-08 16:47:09,582 [INFO] PluginManager:220 - loadIPPluginJar : add fatfs
2023-07-08 16:47:09,584 [INFO] IPUIPlugin:80 - create IPUIPlugin
2023-07-08 16:47:09,585 [INFO] PluginManager:220 - loadIPPluginJar : add usart
2023-07-08 16:47:09,591 [INFO] IPUIPlugin:80 - create IPUIPlugin
2023-07-08 16:47:09,592 [INFO] PluginManager:220 - loadIPPluginJar : add mdma
2023-07-08 16:47:09,595 [INFO] IPUIPlugin:80 - create IPUIPlugin
2023-07-08 16:47:09,595 [INFO] PluginManager:220 - loadIPPluginJar : add pdm2pcm
2023-07-08 16:47:09,596 [INFO] IPUIPlugin:80 - create IPUIPlugin
2023-07-08 16:47:09,597 [INFO] PluginManager:220 - loadIPPluginJar : add gfxmmu
2023-07-08 16:47:09,599 [INFO] IPUIPlugin:80 - create IPUIPlugin
2023-07-08 16:47:09,599 [INFO] PluginManager:220 - loadIPPluginJar : add ts
2023-07-08 16:47:09,602 [INFO] IPUIPlugin:80 - create IPUIPlugin
2023-07-08 16:47:09,603 [INFO] PluginManager:220 - loadIPPluginJar : add nvic
2023-07-08 16:47:09,605 [INFO] IPUIPlugin:80 - create IPUIPlugin
2023-07-08 16:47:09,606 [INFO] PluginManager:220 - loadIPPluginJar : add aes
2023-07-08 16:47:09,610 [INFO] IPUIPlugin:80 - create IPUIPlugin
2023-07-08 16:47:09,610 [INFO] PluginManager:220 - loadIPPluginJar : add touchsensing
2023-07-08 16:47:09,613 [INFO] IPUIPlugin:80 - create IPUIPlugin
2023-07-08 16:47:09,613 [INFO] PluginManager:220 - loadIPPluginJar : add i2s
2023-07-08 16:47:09,616 [INFO] IPUIPlugin:80 - create IPUIPlugin
2023-07-08 16:47:09,616 [INFO] PluginManager:220 - loadIPPluginJar : add dfsdm
2023-07-08 16:47:09,618 [INFO] IPUIPlugin:80 - create IPUIPlugin
2023-07-08 16:47:09,619 [INFO] PluginManager:220 - loadIPPluginJar : add gtzc
2023-07-08 16:47:09,622 [INFO] IPUIPlugin:80 - create IPUIPlugin
2023-07-08 16:47:09,622 [INFO] PluginManager:220 - loadIPPluginJar : add ipddr
2023-07-08 16:47:09,626 [INFO] IPUIPlugin:80 - create IPUIPlugin
2023-07-08 16:47:09,626 [INFO] PluginManager:220 - loadIPPluginJar : add opamp
2023-07-08 16:47:09,628 [INFO] IPUIPlugin:80 - create IPUIPlugin
2023-07-08 16:47:09,629 [INFO] PluginManager:220 - loadIPPluginJar : add dma3
2023-07-08 16:47:09,631 [INFO] IPUIPlugin:80 - create IPUIPlugin
2023-07-08 16:47:09,631 [INFO] PluginManager:220 - loadIPPluginJar : add hash
2023-07-08 16:47:09,634 [INFO] IPUIPlugin:80 - create IPUIPlugin
2023-07-08 16:47:09,635 [INFO] PluginManager:220 - loadIPPluginJar : add can
2023-07-08 16:47:09,640 [INFO] IPUIPlugin:80 - create IPUIPlugin
2023-07-08 16:47:09,640 [INFO] PluginManager:220 - loadIPPluginJar : add fmc
2023-07-08 16:47:09,641 [INFO] IPUIPlugin:80 - create IPUIPlugin
2023-07-08 16:47:09,642 [INFO] PluginManager:220 - loadIPPluginJar : add ltdc
2023-07-08 16:47:09,644 [INFO] IPUIPlugin:80 - create IPUIPlugin
2023-07-08 16:47:09,644 [INFO] PluginManager:220 - loadIPPluginJar : add tracer_emb
2023-07-08 16:47:09,652 [INFO] IPUIPlugin:80 - create IPUIPlugin
2023-07-08 16:47:09,652 [INFO] PluginManager:220 - loadIPPluginJar : add dma
2023-07-08 16:47:09,763 [INFO] CADModel:165 - CPN selected for project level
2023-07-08 16:47:09,764 [INFO] CADModel:114 - Register for checkConnection events
2023-07-08 16:47:09,764 [FATAL] Updater:308 - Updater called before beeing initialized
2023-07-08 16:47:09,764 [ERROR] CADModel:125 - Updater not yet initialized, retry later 
2023-07-08 16:47:09,894 [INFO] CADModel:165 - CPN selected for project level
2023-07-08 16:47:09,894 [INFO] CADModel:114 - Register for checkConnection events
2023-07-08 16:47:09,895 [FATAL] Updater:308 - Updater called before beeing initialized
2023-07-08 16:47:09,895 [ERROR] CADModel:125 - Updater not yet initialized, retry later 
2023-07-08 16:47:09,899 [FATAL] Updater:308 - Updater called before beeing initialized
2023-07-08 16:47:10,013 [FATAL] Updater:308 - Updater called before beeing initialized
2023-07-08 16:47:10,022 [INFO] DbMcusAds:53 - JSON generation date=Tue Mar 07 05:50:55 BRT 2023 (1678179055335)
2023-07-08 16:47:10,024 [FATAL] Updater:308 - Updater called before beeing initialized
2023-07-08 16:47:10,075 [WARN] DetailPanel:346 - Failed to get advertising image, set to default
2023-07-08 16:47:10,196 [FATAL] Updater:308 - Updater called before beeing initialized
2023-07-08 16:47:10,198 [FATAL] Updater:308 - Updater called before beeing initialized
2023-07-08 16:47:10,198 [FATAL] Updater:308 - Updater called before beeing initialized
2023-07-08 16:47:10,199 [WARN] DetailPanel:346 - Failed to get advertising image, set to default
2023-07-08 16:47:10,199 [FATAL] Updater:308 - Updater called before beeing initialized
2023-07-08 16:47:10,236 [ERROR] Updater:1120 - MainUpdater not yet initialized. External WinMGr cannot be set.
2023-07-08 16:47:10,238 [INFO] Updater:1056 - Updater Version found : 6.8.1
2023-07-08 16:47:10,256 [INFO] ApplicationProperties:184 - Using Application install path: /opt/st/stm32cubeide_1.12.1/plugins/com.st.stm32cube.common.mx_6.8.1.202304191431
2023-07-08 16:47:10,380 [INFO] MainUpdater:2854 - connection check result : 10
2023-07-08 16:47:10,381 [INFO] MainUpdater:283 - Updater Check For Update Now.
2023-07-08 16:47:10,382 [INFO] MicroXplorer:498 - Change Database Version : DB.6.0.81
2023-07-08 16:47:10,551 [INFO] CheckServerUpdateThread:120 - End of CheckServer Thread
2023-07-08 16:47:10,590 [INFO] MainUpdater:2854 - connection check result : 10
2023-07-08 16:47:11,119 [INFO] ApiDb:581 - Connected to CubeFinder SQLite database (/home/fabio/.stmcufinder/plugins/mcufinder/mcu/cube-finder-db.db)
2023-07-08 16:47:11,179 [INFO] ApiDb:668 - CubeFinder database Data Model version=2.1
2023-07-08 16:47:11,180 [INFO] ApiDb:669 - CubeFinder database Configuration version=3.0.35
2023-07-08 16:47:11,180 [INFO] ApiDb:670 - CubeFinder database generation date=2023-05-12 (1683877179)
2023-07-08 16:47:11,180 [INFO] ApiDb:671 - CubeFinder database FW Pack versions=[FP-ATR-ASTRA1_V2.0.0, FP-SNS-FLIGHT1_V5.0.0, FP-SNS-MOTENV1_V4.3.0, STM32Cube_FW_C0_V1.0.1, STM32Cube_FW_F0_V1.11.4, STM32Cube_FW_F3_V1.11.4, STM32Cube_FW_F4_V1.27.1, STM32Cube_FW_F7_V1.17.0, STM32Cube_FW_G0_V1.6.1, STM32Cube_FW_G4_V1.5.1, STM32Cube_FW_H5_V0.5.1, STM32Cube_FW_H5_V1.0.0, STM32Cube_FW_H7_V1.11.0, STM32Cube_FW_L0_V1.12.2, STM32Cube_FW_L5_V1.5.0, STM32Cube_FW_U5_V1.2.0, STM32Cube_FW_WBA_V1.0.0, STM32Cube_FW_WBA_V1.0.0RC1, STM32Cube_FW_WBA_V1.0.0RC3, STM32Cube_FW_WB_V1.15.0RC1, STM32Cube_FW_WB_V1.16.0, STM32Cube_FW_WB_V1.16.0RC2, STM32Cube_FW_WL_V1.3.0, X-CUBE-ALGOBUILD_V1.3.0, X-CUBE-ALS_V1.0.1, X-CUBE-AZRTOS-F4_V1.1.0, X-CUBE-AZRTOS-F7_V1.1.0, X-CUBE-AZRTOS-G0_V1.1.0, X-CUBE-AZRTOS-G4_V2.0.0, X-CUBE-AZRTOS-H7_V3.1.0, X-CUBE-AZRTOS-L4_V1.0.0, X-CUBE-AZRTOS-L5_V1.1.0, X-CUBE-AZRTOS-WB_V1.1.0, X-CUBE-AZRTOS-WL_V1.0.0, X-CUBE-BLE1_V6.2.4, X-CUBE-BLE2_V3.3.0, X-CUBE-BLEMGR_V2.0.0, X-CUBE-EEPRMA1_V4.1.0, X-CUBE-FREERTOS_V1.0.1, X-CUBE-GNSS1_V6.0.0, X-CUBE-MEMS1_V9.1.0, X-CUBE-MEMS1_V9.4.0, X-CUBE-MEMS1_V9.6.0, X-CUBE-NFC4_V3.0.0, X-CUBE-NFC7_V1.0.0, X-CUBE-SFXS2LP1_V4.0.0, X-CUBE-SUBG2_V5.0.0]
2023-07-08 16:47:11,262 [INFO] DbBoardsSqlite:226 - include board P-NUCLEO-WB55-NUCLEO as a kit item of type 'Nucleo-64'
2023-07-08 16:47:11,263 [INFO] DbBoardsSqlite:226 - include board P-NUCLEO-WB55-USBDONGLE as a kit item of type 'Nucleo USB Dongle'
2023-07-08 16:47:11,263 [INFO] DbBoardsSqlite:226 - include board STEVAL-IDP005V1 as a kit item of type 'Evaluation Board'
2023-07-08 16:47:11,264 [INFO] DbBoardsSqlite:226 - include board STEVAL-IDP005V2 as a kit item of type 'Evaluation Board'
2023-07-08 16:47:11,310 [INFO] ApiDb:240 - Found 297 in-development CPN: [B-G473E-ZEST1S, B-WB1M-WPAN1, B-WL5M-SUBG1, NUCLEO-C031C6, NUCLEO-H503RB, NUCLEO-H563ZI, NUCLEO-U545RE-Q, NUCLEO-U5A5ZJ-Q, NUCLEO-WBA52CG, STEVAL-PROTEUS1, STEVAL-STWINBX1, STM320518-EVAL, STM32C0116-DK, STM32C011D6Y3TR, STM32C011D6Y6TR, STM32C011F4P3, STM32C011F4P6, STM32C011F4U3, STM32C011F4U6TR, STM32C011F6P3, STM32C011F6P6, STM32C011F6U3, STM32C011F6U6TR, STM32C011J4M3, STM32C011J4M6, STM32C011J6M3, STM32C011J6M6, STM32C0316-DK, STM32C031C4T3, STM32C031C4T6, STM32C031C4U3, STM32C031C4U6, STM32C031C6T3, STM32C031C6T6, STM32C031C6U3, STM32C031C6U6, STM32C031F4P3, STM32C031F4P6, STM32C031F6P3, STM32C031F6P6, STM32C031G4U3, STM32C031G4U6, STM32C031G6U3, STM32C031G6U6, STM32C031K4T3, STM32C031K4T6, STM32C031K4U3, STM32C031K4U6, STM32C031K6T3, STM32C031K6T6, STM32C031K6U3, STM32C031K6U6, STM32G071K8TXN, STM32G071K8UXN, STM32G081GBU6N, STM32G081KBT6N, STM32G081KBUXN, STM32G0B1CCT6N, STM32G0B1KCT6, STM32G0B1NEY6TR, STM32G0B1RCT6N, STM32G0C1CCT6, STM32G0C1CCT6N, STM32G0C1CCU6N, STM32G0C1CET6N, STM32G0C1CEU6N, STM32G0C1KCT6, STM32G0C1NEY6TR, STM32G0C1RCI6N, STM32G0C1RCT6N, STM32G0C1REI6N, STM32G0C1RET6N, STM32G0C1VCI6, STM32G0C1VEI6, STM32G471CCT6, STM32G471CCU6, STM32G471CET3, STM32G471CET6, STM32G471CEU3, STM32G471CEU6, STM32G471MCT6, STM32G471MET3, STM32G471MET6, STM32G471MEY6TR, STM32G471QCT6, STM32G471QET3, STM32G471RCT6, STM32G471RET3, STM32G471RET6, STM32G471VCH6, STM32G471VCI6, STM32G471VCT6, STM32G471VEH3, STM32G471VEH6, STM32G471VEI3, STM32G471VEI6, STM32G471VET3, STM32G471VET6, STM32G474CCT6, STM32H503CBT6, STM32H503CBU6, STM32H503EBY6TR, STM32H503KBU6, STM32H503RBT6, STM32H562AGI6, STM32H562AII6, STM32H562IGK6, STM32H562IGT6, STM32H562IIK6, STM32H562IIT6, STM32H562RGT6, STM32H562RGV6, STM32H562RIT6, STM32H562RIV6, STM32H562VGT6, STM32H562VIT6, STM32H562ZGT6, STM32H562ZIT6, STM32H563AGI6, STM32H563AII3Q, STM32H563AII6, STM32H563IGK6, STM32H563IGT6, STM32H563IIK3Q, STM32H563IIK6, STM32H563IIT3Q, STM32H563IIT6, STM32H563MIY3QTR, STM32H563RGT6, STM32H563RGV6, STM32H563RIT6, STM32H563RIV6, STM32H563VGT6, STM32H563VIT3Q, STM32H563VIT6, STM32H563ZGT6, STM32H563ZIT3Q, STM32H563ZIT6, STM32H573AII3Q, STM32H573AII6, STM32H573I-DK, STM32H573IIK3Q, STM32H573IIK6, STM32H573IIT3Q, STM32H573IIT6, STM32H573MIY3QTR, STM32H573RIT6, STM32H573RIV6, STM32H573VIT3Q, STM32H573VIT6, STM32H573ZIT3Q, STM32H573ZIT6, STM32L4R5QGI6STR, STM32MP131AAE3, STM32MP131AAF3, STM32MP131AAG3, STM32MP131CAE3, STM32MP131CAF3, STM32MP131CAG3, STM32MP131DAE7, STM32MP131DAF7, STM32MP131DAG7, STM32MP131FAE7, STM32MP131FAF7, STM32MP131FAG7, STM32MP133AAE3, STM32MP133AAF3, STM32MP133AAG3, STM32MP133CAE3, STM32MP133CAF3, STM32MP133CAG3, STM32MP133DAE7, STM32MP133DAF7, STM32MP133DAG7, STM32MP133FAE7, STM32MP133FAF7, STM32MP133FAG7, STM32MP135AAE3, STM32MP135AAF3, STM32MP135AAG3, STM32MP135CAE3, STM32MP135CAF3, STM32MP135CAG3, STM32MP135DAE7, STM32MP135DAF7, STM32MP135DAG7, STM32MP135F-DK, STM32MP135FAE7, STM32MP135FAF7, STM32MP135FAF7T, STM32MP135FAF7U, STM32MP135FAG7, STM32U535CBT6, STM32U535CBT6Q, STM32U535CBU6, STM32U535CBU6Q, STM32U535CCT6, STM32U535CCT6Q, STM32U535CCU6, STM32U535CCU6Q, STM32U535CET6, STM32U535CET6Q, STM32U535CEU6, STM32U535CEU6Q, STM32U535JEY6QTR, STM32U535NCY6QTR, STM32U535NEY6QTR, STM32U535RBI6, STM32U535RBI6Q, STM32U535RBT6, STM32U535RBT6Q, STM32U535RCI6, STM32U535RCI6Q, STM32U535RCT6, STM32U535RCT6Q, STM32U535REI6, STM32U535REI6Q, STM32U535RET6, STM32U535RET6Q, STM32U535VCI6, STM32U535VCI6Q, STM32U535VCT6, STM32U535VCT6Q, STM32U535VEI6, STM32U535VEI6Q, STM32U535VET6, STM32U535VET6Q, STM32U545CET6, STM32U545CET6Q, STM32U545CEU6, STM32U545CEU6Q, STM32U545JEY6QTR, STM32U545NEY6QTR, STM32U545REI6, STM32U545REI6Q, STM32U545RET6, STM32U545RET6Q, STM32U545VEI6, STM32U545VEI6Q, STM32U545VET6, STM32U545VET6Q, STM32U595AIH6, STM32U595AIH6Q, STM32U595AJH6, STM32U595AJH6Q, STM32U595QII6, STM32U595QII6Q, STM32U595QJI6, STM32U595QJI6Q, STM32U595RIT6, STM32U595RIT6Q, STM32U595RJT6, STM32U595RJT6Q, STM32U595VIT6, STM32U595VIT6Q, STM32U595VJT6, STM32U595VJT6Q, STM32U595ZIT6, STM32U595ZIT6Q, STM32U595ZIY6QTR, STM32U595ZJT6, STM32U595ZJT6Q, STM32U595ZJY6QTR, STM32U599BJY6QTR, STM32U599NIH6Q, STM32U599NJH6Q, STM32U599VIT6Q, STM32U599VJT6, STM32U599VJT6Q, STM32U599ZIT6Q, STM32U599ZIY6QTR, STM32U599ZJT6Q, STM32U599ZJY6QTR, STM32U5A5AJH6, STM32U5A5AJH6Q, STM32U5A5QJI6, STM32U5A5QJI6Q, STM32U5A5RJT6, STM32U5A5RJT6Q, STM32U5A5VJT6, STM32U5A5VJT6Q, STM32U5A5ZJT6, STM32U5A5ZJT6Q, STM32U5A5ZJY6QTR, STM32U5A9BJY6QTR, STM32U5A9J-DK, STM32U5A9NJH6Q, STM32U5A9VJT6Q, STM32U5A9ZJT6Q, STM32U5A9ZJY6QTR, STM32WB1MMCH6, STM32WBA52CEU6, STM32WBA52CEU6T, STM32WBA52CGU6, STM32WBA52CGU6T, STM32WL5MOCH6, STM32WL5MOCH6TR]
2023-07-08 16:47:11,520 [INFO] BoardInfo:880 - No configuration file found for board P-NUCLEO-WB55
2023-07-08 16:47:11,520 [INFO] DbBoards:157 - Kit is not supported: P-NUCLEO-WB55
2023-07-08 16:47:11,525 [INFO] BoardInfo:880 - No configuration file found for board STEVAL-BFA001V1B
2023-07-08 16:47:11,525 [INFO] DbBoards:157 - Kit is not supported: STEVAL-BFA001V1B
2023-07-08 16:47:11,527 [INFO] BoardInfo:880 - No configuration file found for board STEVAL-BFA001V2B
2023-07-08 16:47:11,527 [INFO] DbBoards:157 - Kit is not supported: STEVAL-BFA001V2B
2023-07-08 16:47:11,640 [INFO] DbBoards:161 - Found 187 boards, 184 are supported
2023-07-08 16:47:11,644 [INFO] ApiDb:668 - CubeFinder database Data Model version=2.1
2023-07-08 16:47:11,644 [INFO] ApiDb:669 - CubeFinder database Configuration version=3.0.35
2023-07-08 16:47:11,644 [INFO] ApiDb:670 - CubeFinder database generation date=2023-05-12 (1683877179)
2023-07-08 16:47:11,644 [INFO] ApiDb:671 - CubeFinder database FW Pack versions=[FP-ATR-ASTRA1_V2.0.0, FP-SNS-FLIGHT1_V5.0.0, FP-SNS-MOTENV1_V4.3.0, STM32Cube_FW_C0_V1.0.1, STM32Cube_FW_F0_V1.11.4, STM32Cube_FW_F3_V1.11.4, STM32Cube_FW_F4_V1.27.1, STM32Cube_FW_F7_V1.17.0, STM32Cube_FW_G0_V1.6.1, STM32Cube_FW_G4_V1.5.1, STM32Cube_FW_H5_V0.5.1, STM32Cube_FW_H5_V1.0.0, STM32Cube_FW_H7_V1.11.0, STM32Cube_FW_L0_V1.12.2, STM32Cube_FW_L5_V1.5.0, STM32Cube_FW_U5_V1.2.0, STM32Cube_FW_WBA_V1.0.0, STM32Cube_FW_WBA_V1.0.0RC1, STM32Cube_FW_WBA_V1.0.0RC3, STM32Cube_FW_WB_V1.15.0RC1, STM32Cube_FW_WB_V1.16.0, STM32Cube_FW_WB_V1.16.0RC2, STM32Cube_FW_WL_V1.3.0, X-CUBE-ALGOBUILD_V1.3.0, X-CUBE-ALS_V1.0.1, X-CUBE-AZRTOS-F4_V1.1.0, X-CUBE-AZRTOS-F7_V1.1.0, X-CUBE-AZRTOS-G0_V1.1.0, X-CUBE-AZRTOS-G4_V2.0.0, X-CUBE-AZRTOS-H7_V3.1.0, X-CUBE-AZRTOS-L4_V1.0.0, X-CUBE-AZRTOS-L5_V1.1.0, X-CUBE-AZRTOS-WB_V1.1.0, X-CUBE-AZRTOS-WL_V1.0.0, X-CUBE-BLE1_V6.2.4, X-CUBE-BLE2_V3.3.0, X-CUBE-BLEMGR_V2.0.0, X-CUBE-EEPRMA1_V4.1.0, X-CUBE-FREERTOS_V1.0.1, X-CUBE-GNSS1_V6.0.0, X-CUBE-MEMS1_V9.1.0, X-CUBE-MEMS1_V9.4.0, X-CUBE-MEMS1_V9.6.0, X-CUBE-NFC4_V3.0.0, X-CUBE-NFC7_V1.0.0, X-CUBE-SFXS2LP1_V4.0.0, X-CUBE-SUBG2_V5.0.0]
2023-07-08 16:47:11,922 [WARN] PackLoader:240 - Cannot read IP mode file for STMicroelectronics.X-CUBE-GNSS1.6.0.0
2023-07-08 16:47:11,932 [WARN] PackLoader:240 - Cannot read IP mode file for STMicroelectronics.X-CUBE-SMBUS.2.1.0
2023-07-08 16:47:11,939 [WARN] PackLoader:240 - Cannot read IP mode file for STMicroelectronics.X-CUBE-BLE1.6.2.4
2023-07-08 16:47:11,957 [WARN] PackLoader:240 - Cannot read IP mode file for STMicroelectronics.X-CUBE-BLEMGR.2.0.0
2023-07-08 16:47:11,976 [WARN] PackLoader:240 - Cannot read IP mode file for STMicroelectronics.X-CUBE-DISPLAY.3.0.0
2023-07-08 16:47:12,021 [WARN] PackLoader:240 - Cannot read IP mode file for STMicroelectronics.X-CUBE-EEPRMA1.4.1.0
2023-07-08 16:47:12,063 [WARN] PackLoader:240 - Cannot read IP mode file for STMicroelectronics.X-CUBE-SFXS2LP1.4.0.0
2023-07-08 16:47:12,079 [WARN] PackLoader:240 - Cannot read IP mode file for STMicroelectronics.X-CUBE-BLE2.3.3.0
2023-07-08 16:47:12,090 [WARN] PackLoader:240 - Cannot read IP mode file for STMicroelectronics.X-CUBE-ISPU.1.1.0
2023-07-08 16:47:12,103 [WARN] PackLoader:240 - Cannot read IP mode file for STMicroelectronics.X-CUBE-FREERTOS.1.0.1
2023-07-08 16:47:12,149 [WARN] PackLoader:240 - Cannot read IP mode file for STMicroelectronics.X-CUBE-SUBG2.5.0.0
2023-07-08 16:47:12,183 [WARN] PackLoader:240 - Cannot read IP mode file for STMicroelectronics.X-CUBE-NFC4.3.0.0
2023-07-08 16:47:12,228 [WARN] PackLoader:240 - Cannot read IP mode file for STMicroelectronics.X-CUBE-TOF1.3.3.0
2023-07-08 16:47:12,289 [WARN] PackLoader:240 - Cannot read IP mode file for STMicroelectronics.FP-ATR-SIGFOX1.3.2.0
2023-07-08 16:47:12,295 [WARN] PackLoader:240 - Cannot read IP mode file for STMicroelectronics.X-CUBE-ALS.1.0.1
2023-07-08 16:47:12,304 [WARN] PackLoader:240 - Cannot read IP mode file for STMicroelectronics.FP-ATR-ASTRA1.2.0.0
2023-07-08 16:47:12,305 [INFO] ThirdParty:978 - Integrity check success = true
2023-07-08 16:47:12,306 [INFO] IntegrityCheckThread:100 - exiting critical section [integrity check]
2023-07-08 16:47:12,306 [INFO] IntegrityCheckThread:103 - End integrity checks thread
2023-07-08 16:47:14,217 [INFO] ApiDb:240 - Found 297 in-development CPN: [B-G473E-ZEST1S, B-WB1M-WPAN1, B-WL5M-SUBG1, NUCLEO-C031C6, NUCLEO-H503RB, NUCLEO-H563ZI, NUCLEO-U545RE-Q, NUCLEO-U5A5ZJ-Q, NUCLEO-WBA52CG, STEVAL-PROTEUS1, STEVAL-STWINBX1, STM320518-EVAL, STM32C0116-DK, STM32C011D6Y3TR, STM32C011D6Y6TR, STM32C011F4P3, STM32C011F4P6, STM32C011F4U3, STM32C011F4U6TR, STM32C011F6P3, STM32C011F6P6, STM32C011F6U3, STM32C011F6U6TR, STM32C011J4M3, STM32C011J4M6, STM32C011J6M3, STM32C011J6M6, STM32C0316-DK, STM32C031C4T3, STM32C031C4T6, STM32C031C4U3, STM32C031C4U6, STM32C031C6T3, STM32C031C6T6, STM32C031C6U3, STM32C031C6U6, STM32C031F4P3, STM32C031F4P6, STM32C031F6P3, STM32C031F6P6, STM32C031G4U3, STM32C031G4U6, STM32C031G6U3, STM32C031G6U6, STM32C031K4T3, STM32C031K4T6, STM32C031K4U3, STM32C031K4U6, STM32C031K6T3, STM32C031K6T6, STM32C031K6U3, STM32C031K6U6, STM32G071K8TXN, STM32G071K8UXN, STM32G081GBU6N, STM32G081KBT6N, STM32G081KBUXN, STM32G0B1CCT6N, STM32G0B1KCT6, STM32G0B1NEY6TR, STM32G0B1RCT6N, STM32G0C1CCT6, STM32G0C1CCT6N, STM32G0C1CCU6N, STM32G0C1CET6N, STM32G0C1CEU6N, STM32G0C1KCT6, STM32G0C1NEY6TR, STM32G0C1RCI6N, STM32G0C1RCT6N, STM32G0C1REI6N, STM32G0C1RET6N, STM32G0C1VCI6, STM32G0C1VEI6, STM32G471CCT6, STM32G471CCU6, STM32G471CET3, STM32G471CET6, STM32G471CEU3, STM32G471CEU6, STM32G471MCT6, STM32G471MET3, STM32G471MET6, STM32G471MEY6TR, STM32G471QCT6, STM32G471QET3, STM32G471RCT6, STM32G471RET3, STM32G471RET6, STM32G471VCH6, STM32G471VCI6, STM32G471VCT6, STM32G471VEH3, STM32G471VEH6, STM32G471VEI3, STM32G471VEI6, STM32G471VET3, STM32G471VET6, STM32G474CCT6, STM32H503CBT6, STM32H503CBU6, STM32H503EBY6TR, STM32H503KBU6, STM32H503RBT6, STM32H562AGI6, STM32H562AII6, STM32H562IGK6, STM32H562IGT6, STM32H562IIK6, STM32H562IIT6, STM32H562RGT6, STM32H562RGV6, STM32H562RIT6, STM32H562RIV6, STM32H562VGT6, STM32H562VIT6, STM32H562ZGT6, STM32H562ZIT6, STM32H563AGI6, STM32H563AII3Q, STM32H563AII6, STM32H563IGK6, STM32H563IGT6, STM32H563IIK3Q, STM32H563IIK6, STM32H563IIT3Q, STM32H563IIT6, STM32H563MIY3QTR, STM32H563RGT6, STM32H563RGV6, STM32H563RIT6, STM32H563RIV6, STM32H563VGT6, STM32H563VIT3Q, STM32H563VIT6, STM32H563ZGT6, STM32H563ZIT3Q, STM32H563ZIT6, STM32H573AII3Q, STM32H573AII6, STM32H573I-DK, STM32H573IIK3Q, STM32H573IIK6, STM32H573IIT3Q, STM32H573IIT6, STM32H573MIY3QTR, STM32H573RIT6, STM32H573RIV6, STM32H573VIT3Q, STM32H573VIT6, STM32H573ZIT3Q, STM32H573ZIT6, STM32L4R5QGI6STR, STM32MP131AAE3, STM32MP131AAF3, STM32MP131AAG3, STM32MP131CAE3, STM32MP131CAF3, STM32MP131CAG3, STM32MP131DAE7, STM32MP131DAF7, STM32MP131DAG7, STM32MP131FAE7, STM32MP131FAF7, STM32MP131FAG7, STM32MP133AAE3, STM32MP133AAF3, STM32MP133AAG3, STM32MP133CAE3, STM32MP133CAF3, STM32MP133CAG3, STM32MP133DAE7, STM32MP133DAF7, STM32MP133DAG7, STM32MP133FAE7, STM32MP133FAF7, STM32MP133FAG7, STM32MP135AAE3, STM32MP135AAF3, STM32MP135AAG3, STM32MP135CAE3, STM32MP135CAF3, STM32MP135CAG3, STM32MP135DAE7, STM32MP135DAF7, STM32MP135DAG7, STM32MP135F-DK, STM32MP135FAE7, STM32MP135FAF7, STM32MP135FAF7T, STM32MP135FAF7U, STM32MP135FAG7, STM32U535CBT6, STM32U535CBT6Q, STM32U535CBU6, STM32U535CBU6Q, STM32U535CCT6, STM32U535CCT6Q, STM32U535CCU6, STM32U535CCU6Q, STM32U535CET6, STM32U535CET6Q, STM32U535CEU6, STM32U535CEU6Q, STM32U535JEY6QTR, STM32U535NCY6QTR, STM32U535NEY6QTR, STM32U535RBI6, STM32U535RBI6Q, STM32U535RBT6, STM32U535RBT6Q, STM32U535RCI6, STM32U535RCI6Q, STM32U535RCT6, STM32U535RCT6Q, STM32U535REI6, STM32U535REI6Q, STM32U535RET6, STM32U535RET6Q, STM32U535VCI6, STM32U535VCI6Q, STM32U535VCT6, STM32U535VCT6Q, STM32U535VEI6, STM32U535VEI6Q, STM32U535VET6, STM32U535VET6Q, STM32U545CET6, STM32U545CET6Q, STM32U545CEU6, STM32U545CEU6Q, STM32U545JEY6QTR, STM32U545NEY6QTR, STM32U545REI6, STM32U545REI6Q, STM32U545RET6, STM32U545RET6Q, STM32U545VEI6, STM32U545VEI6Q, STM32U545VET6, STM32U545VET6Q, STM32U595AIH6, STM32U595AIH6Q, STM32U595AJH6, STM32U595AJH6Q, STM32U595QII6, STM32U595QII6Q, STM32U595QJI6, STM32U595QJI6Q, STM32U595RIT6, STM32U595RIT6Q, STM32U595RJT6, STM32U595RJT6Q, STM32U595VIT6, STM32U595VIT6Q, STM32U595VJT6, STM32U595VJT6Q, STM32U595ZIT6, STM32U595ZIT6Q, STM32U595ZIY6QTR, STM32U595ZJT6, STM32U595ZJT6Q, STM32U595ZJY6QTR, STM32U599BJY6QTR, STM32U599NIH6Q, STM32U599NJH6Q, STM32U599VIT6Q, STM32U599VJT6, STM32U599VJT6Q, STM32U599ZIT6Q, STM32U599ZIY6QTR, STM32U599ZJT6Q, STM32U599ZJY6QTR, STM32U5A5AJH6, STM32U5A5AJH6Q, STM32U5A5QJI6, STM32U5A5QJI6Q, STM32U5A5RJT6, STM32U5A5RJT6Q, STM32U5A5VJT6, STM32U5A5VJT6Q, STM32U5A5ZJT6, STM32U5A5ZJT6Q, STM32U5A5ZJY6QTR, STM32U5A9BJY6QTR, STM32U5A9J-DK, STM32U5A9NJH6Q, STM32U5A9VJT6Q, STM32U5A9ZJT6Q, STM32U5A9ZJY6QTR, STM32WB1MMCH6, STM32WBA52CEU6, STM32WBA52CEU6T, STM32WBA52CGU6, STM32WBA52CGU6T, STM32WL5MOCH6, STM32WL5MOCH6TR]
2023-07-08 16:47:14,223 [INFO] DbMcus:216 - Found 3775 MCUs, 3775 are supported
2023-07-08 16:47:14,225 [INFO] ApiDb:423 - Load user favorites file /home/fabio/.stm32cubeide/favorites.mcus.txt: 0 item(s)
2023-07-08 16:47:14,226 [INFO] ApiDb:427 - User favorites MCUs=[]
2023-07-08 16:47:14,226 [INFO] DbMcus:222 - Set 0 / 0 favorites MCUs
2023-07-08 16:47:14,528 [INFO] ApiDb:414 - User favorites file not found: /home/fabio/.stm32cubeide/favorites.boards.txt
2023-07-08 16:47:14,528 [INFO] DbBoards:190 - Set 0 / 0 favorites Boards
2023-07-08 16:47:14,529 [INFO] McuFinderGlobals:66 - Set McuFinderConnectedMode to true
2023-07-08 16:47:14,535 [INFO] MultiScanPanel:200 - Auto-refresh data requested => check proxy status ongoing
2023-07-08 16:47:14,537 [INFO] FinderPluginLoader:95 - Searching for filters in installed packs
2023-07-08 16:47:16,273 [INFO] LoadUrlFilesThread:185 - End of LoadServerUrlFiles without Thread
2023-07-08 16:47:16,315 [INFO] DetailPanel:341 - Set advertising image to /home/fabio/STM32Cube/Repository//en.prom-stm32h5-mcu-finder.jpg
2023-07-08 16:47:26,424 [ERROR] LogOutputStream:75 - [STDERR_REDIRECT] SLF4J: Failed to load class "org.slf4j.impl.StaticLoggerBinder".
2023-07-08 16:47:26,425 [ERROR] LogOutputStream:75 - [STDERR_REDIRECT] SLF4J: Defaulting to no-operation (NOP) logger implementation
2023-07-08 16:47:26,426 [ERROR] LogOutputStream:75 - [STDERR_REDIRECT] SLF4J: See http://www.slf4j.org/codes.html#StaticLoggerBinder for further details.
2023-07-08 16:48:05,243 [INFO] MainUpdater:2854 - connection check result : 10
2023-07-08 16:48:05,243 [INFO] MainUpdater:2854 - connection check result : 10
2023-07-08 16:48:05,264 [INFO] MicroXplorer:468 - Change Database Path : 
2023-07-08 16:48:05,265 [INFO] MicroXplorer:498 - Change Database Version : DB.6.0.81
2023-07-08 16:48:05,266 [WARN] ThirdParty:871 - waiting for thirdparty lock release [close project]
2023-07-08 16:48:05,267 [INFO] ThirdParty:873 - entering critical section [close project]
2023-07-08 16:48:05,268 [INFO] ThirdParty:883 - exiting critical section [close project]
2023-07-08 16:48:05,275 [INFO] PinOutPanel:1499 - setPackage(No Configuration,No Configuration)
2023-07-08 16:48:05,301 [INFO] UtilMem:75 - Begin LoadConfig() Used Memory: 403890432 Bytes (463470592)
2023-07-08 16:48:05,303 [INFO] MicroXplorer:468 - Change Database Path : 
2023-07-08 16:48:05,303 [INFO] MicroXplorer:498 - Change Database Version : DB.6.0.81
2023-07-08 16:48:05,303 [INFO] OpenFileManager:308 - Change cursor
2023-07-08 16:48:05,400 [INFO] Mcu:1937 - Initializing MCU STM32C011F6Px STM32C011F6Px 
2023-07-08 16:48:05,401 [INFO] Mcu:1950 - No CPN specified => set CPN to STM32C011F6P3
2023-07-08 16:48:07,466 [INFO] Context:659 - Trying to add GPIOservice into a context  which must be forbidden
2023-07-08 16:48:08,029 [INFO] ImportTextPane:194 - (OptionalMessage_ERROR) Unable to find key (Mcu.ThirdPartyNb) in loaded IOC file
2023-07-08 16:48:08,030 [INFO] ImportTextPane:194 - (OptionalMessage_ERROR) Unable to find key (Mcu.PinsNb) in loaded IOC file
2023-07-08 16:48:08,030 [INFO] ImportTextPane:194 - (OptionalMessage_ERROR) Unable to find key (Mcu.IPNb) in loaded IOC file
2023-07-08 16:48:08,107 [WARN] ModelIntegratedComponent:63 - No mode defined for component null
2023-07-08 16:48:08,109 [WARN] ModelIntegratedComponent:63 - No mode defined for component null
2023-07-08 16:48:08,109 [WARN] ModelIntegratedComponent:63 - No mode defined for component null
2023-07-08 16:48:08,109 [WARN] ModelIntegratedComponent:63 - No mode defined for component null
2023-07-08 16:48:08,111 [WARN] ModelIntegratedComponent:63 - No mode defined for component null
2023-07-08 16:48:08,111 [WARN] ModelIntegratedComponent:63 - No mode defined for component null
2023-07-08 16:48:08,111 [WARN] ModelIntegratedComponent:63 - No mode defined for component null
2023-07-08 16:48:08,112 [WARN] ModelIntegratedComponent:63 - No mode defined for component null
2023-07-08 16:48:08,112 [WARN] ModelIntegratedComponent:63 - No mode defined for component null
2023-07-08 16:48:08,112 [WARN] ModelIntegratedComponent:63 - No mode defined for component null
2023-07-08 16:48:08,112 [WARN] ModelIntegratedComponent:63 - No mode defined for component null
2023-07-08 16:48:08,112 [WARN] ModelIntegratedComponent:63 - No mode defined for component null
2023-07-08 16:48:08,113 [WARN] ModelIntegratedComponent:63 - No mode defined for component null
2023-07-08 16:48:08,113 [WARN] ModelIntegratedComponent:63 - No mode defined for component null
2023-07-08 16:48:08,113 [WARN] ModelIntegratedComponent:63 - No mode defined for component null
2023-07-08 16:48:08,114 [WARN] ModelIntegratedComponent:63 - No mode defined for component null
2023-07-08 16:48:08,114 [WARN] ModelIntegratedComponent:63 - No mode defined for component null
2023-07-08 16:48:08,114 [WARN] ModelIntegratedComponent:63 - No mode defined for component null
2023-07-08 16:48:08,114 [WARN] ModelIntegratedComponent:63 - No mode defined for component null
2023-07-08 16:48:08,114 [WARN] ModelIntegratedComponent:63 - No mode defined for component null
2023-07-08 16:48:08,114 [WARN] ModelIntegratedComponent:63 - No mode defined for component null
2023-07-08 16:48:08,114 [WARN] ModelIntegratedComponent:63 - No mode defined for component null
2023-07-08 16:48:08,114 [WARN] ModelIntegratedComponent:63 - No mode defined for component null
2023-07-08 16:48:08,115 [WARN] ModelIntegratedComponent:63 - No mode defined for component null
2023-07-08 16:48:08,115 [WARN] ModelIntegratedComponent:63 - No mode defined for component null
2023-07-08 16:48:08,115 [WARN] ModelIntegratedComponent:63 - No mode defined for component null
2023-07-08 16:48:08,115 [WARN] ModelIntegratedComponent:63 - No mode defined for component null
2023-07-08 16:48:08,115 [WARN] ModelIntegratedComponent:63 - No mode defined for component null
2023-07-08 16:48:08,115 [WARN] ModelIntegratedComponent:63 - No mode defined for component null
2023-07-08 16:48:08,115 [WARN] ModelIntegratedComponent:63 - No mode defined for component null
2023-07-08 16:48:08,115 [WARN] ModelIntegratedComponent:63 - No mode defined for component null
2023-07-08 16:48:08,116 [WARN] ModelIntegratedComponent:63 - No mode defined for component null
2023-07-08 16:48:08,116 [WARN] ModelIntegratedComponent:63 - No mode defined for component null
2023-07-08 16:48:08,128 [INFO] RtosManager:555 - Registered RTOS mode: class=RTOS, group=ThreadX, mode=Core, owner=THREADX
2023-07-08 16:48:08,193 [INFO] ThirdPartyModel:298 - Start build external matchings
2023-07-08 16:48:08,341 [INFO] ThirdPartyModel:316 - End build external matchings
2023-07-08 16:48:08,572 [INFO] UtilMem:75 - End LoadConfig() Used Memory: 394438656 Bytes (612368384)
2023-07-08 16:48:08,808 [WARN] ThirdParty:833 - waiting for thirdparty lock release [change project]
2023-07-08 16:48:08,812 [INFO] ThirdParty:835 - entering critical section [change project]
2023-07-08 16:48:08,814 [INFO] ThirdParty:1030 - CMSIS Pack Vendor :STMicroelectronics X-CUBE-ISPU 1.1.0
2023-07-08 16:48:08,815 [INFO] ThirdParty:1030 - CMSIS Pack Vendor :STMicroelectronics X-CUBE-DISPLAY 3.0.0
2023-07-08 16:48:08,815 [INFO] ThirdParty:1030 - CMSIS Pack Vendor :STMicroelectronics X-CUBE-GNSS1 6.0.0
2023-07-08 16:48:08,817 [INFO] ThirdParty:1030 - CMSIS Pack Vendor :STMicroelectronics USB_HOST 2.0.0
2023-07-08 16:48:08,817 [INFO] ThirdParty:1030 - CMSIS Pack Vendor :STMicroelectronics LIBJPEG 8.0.0
2023-07-08 16:48:08,817 [INFO] ThirdParty:1030 - CMSIS Pack Vendor :STMicroelectronics FP-ATR-SIGFOX1 3.2.0
2023-07-08 16:48:08,817 [INFO] ThirdParty:1030 - CMSIS Pack Vendor :STMicroelectronics X-CUBE-SMBUS 2.1.0
2023-07-08 16:48:08,818 [INFO] ThirdParty:1030 - CMSIS Pack Vendor :STMicroelectronics USB_DEVICE 3.0.0
2023-07-08 16:48:08,820 [INFO] ThirdParty:1030 - CMSIS Pack Vendor :STMicroelectronics HAL Drivers 0.0.0
2023-07-08 16:48:08,820 [INFO] ThirdParty:1030 - CMSIS Pack Vendor :STMicroelectronics MBEDTLS 2.16.2
2023-07-08 16:48:08,820 [INFO] ThirdParty:1030 - CMSIS Pack Vendor :STMicroelectronics X-CUBE-FREERTOS 1.0.1
2023-07-08 16:48:08,820 [INFO] ThirdParty:1030 - CMSIS Pack Vendor :STMicroelectronics MBEDTLS 2.14.1
2023-07-08 16:48:08,820 [INFO] ThirdParty:1030 - CMSIS Pack Vendor :STMicroelectronics X-CUBE-EEPRMA1 4.1.0
2023-07-08 16:48:08,820 [INFO] ThirdParty:1030 - CMSIS Pack Vendor :STMicroelectronics X-CUBE-ALS 1.0.1
2023-07-08 16:48:08,820 [INFO] ThirdParty:1030 - CMSIS Pack Vendor :STMicroelectronics USB_DEVICE 2.0.0
2023-07-08 16:48:08,821 [INFO] ThirdParty:1030 - CMSIS Pack Vendor :STMicroelectronics ThreadX 1.0.0
2023-07-08 16:48:08,821 [INFO] ThirdParty:1030 - CMSIS Pack Vendor :STMicroelectronics X-CUBE-BLE1 6.2.4
2023-07-08 16:48:08,821 [INFO] ThirdParty:1030 - CMSIS Pack Vendor :STMicroelectronics FreeRTOS 0.0.1
2023-07-08 16:48:08,821 [INFO] ThirdParty:1030 - CMSIS Pack Vendor :STMicroelectronics USB_DEVICE 1.0.0
2023-07-08 16:48:08,821 [INFO] ThirdParty:1030 - CMSIS Pack Vendor :STMicroelectronics X-CUBE-BLEMGR 2.0.0
2023-07-08 16:48:08,821 [INFO] ThirdParty:1030 - CMSIS Pack Vendor :STMicroelectronics X-CUBE-SUBG2 5.0.0
2023-07-08 16:48:08,821 [INFO] ThirdParty:1030 - CMSIS Pack Vendor :STMicroelectronics X-CUBE-NFC4 3.0.0
2023-07-08 16:48:08,821 [INFO] ThirdParty:1030 - CMSIS Pack Vendor :STMicroelectronics STM32_WPAN 1.0.0
2023-07-08 16:48:08,822 [INFO] ThirdParty:1030 - CMSIS Pack Vendor :STMicroelectronics ThreadX 0.0.2
2023-07-08 16:48:08,822 [INFO] ThirdParty:1030 - CMSIS Pack Vendor :STMicroelectronics FP-ATR-ASTRA1 2.0.0
2023-07-08 16:48:08,822 [INFO] ThirdParty:1030 - CMSIS Pack Vendor :STMicroelectronics lwIP 2.1.2
2023-07-08 16:48:08,822 [INFO] ThirdParty:1030 - CMSIS Pack Vendor :STMicroelectronics lwIP 2.0.3
2023-07-08 16:48:08,822 [INFO] ThirdParty:1030 - CMSIS Pack Vendor :STMicroelectronics X-CUBE-SFXS2LP1 4.0.0
2023-07-08 16:48:08,822 [INFO] ThirdParty:1030 - CMSIS Pack Vendor :STMicroelectronics X-CUBE-BLE2 3.3.0
2023-07-08 16:48:08,822 [INFO] ThirdParty:1030 - CMSIS Pack Vendor :STMicroelectronics USB_HOST 1.0.0
2023-07-08 16:48:08,822 [INFO] ThirdParty:1030 - CMSIS Pack Vendor :STMicroelectronics PDM2PCM 3.1.0
2023-07-08 16:48:08,823 [INFO] ThirdParty:1030 - CMSIS Pack Vendor :STMicroelectronics X-CUBE-TOF1 3.3.0
2023-07-08 16:48:08,823 [INFO] ThirdParty:1030 - CMSIS Pack Vendor :STMicroelectronics PDM2PCM 3.2.0
2023-07-08 16:48:08,823 [INFO] ThirdParty:1030 - CMSIS Pack Vendor :STMicroelectronics PDM2PCM 3.3.0
2023-07-08 16:48:08,827 [INFO] ThirdParty:841 - exiting critical section [change project]
2023-07-08 16:48:09,398 [INFO] PinOutPanel:1499 - setPackage(No Configuration,No Configuration)
2023-07-08 16:48:09,402 [INFO] PinOutPanel:1499 - setPackage(STM32C011F6Px,TSSOP20)
2023-07-08 16:48:10,013 [INFO] IPUIPlugin:80 - create IPUIPlugin
2023-07-08 16:48:10,014 [INFO] IPUIPlugin:80 - create IPUIPlugin
2023-07-08 16:48:10,014 [INFO] IPUIPlugin:80 - create IPUIPlugin
2023-07-08 16:48:10,015 [INFO] IPUIPlugin:80 - create IPUIPlugin
2023-07-08 16:48:10,015 [INFO] IPUIPlugin:80 - create IPUIPlugin
2023-07-08 16:48:10,015 [INFO] IPUIPlugin:80 - create IPUIPlugin
2023-07-08 16:48:10,015 [INFO] IPUIPlugin:80 - create IPUIPlugin
2023-07-08 16:48:10,015 [INFO] IPUIPlugin:80 - create IPUIPlugin
2023-07-08 16:48:10,017 [INFO] IPUIPlugin:80 - create IPUIPlugin
2023-07-08 16:48:10,018 [INFO] IPUIPlugin:80 - create IPUIPlugin
2023-07-08 16:48:10,019 [INFO] IPUIPlugin:80 - create IPUIPlugin
2023-07-08 16:48:10,020 [INFO] IPUIPlugin:80 - create IPUIPlugin
2023-07-08 16:48:10,020 [INFO] IPUIPlugin:80 - create IPUIPlugin
2023-07-08 16:48:10,020 [INFO] IPUIPlugin:80 - create IPUIPlugin
2023-07-08 16:48:10,020 [INFO] IPUIPlugin:80 - create IPUIPlugin
2023-07-08 16:48:10,021 [INFO] IPUIPlugin:80 - create IPUIPlugin
2023-07-08 16:48:10,021 [INFO] IPUIPlugin:80 - create IPUIPlugin
2023-07-08 16:48:10,021 [INFO] IPUIPlugin:80 - create IPUIPlugin
2023-07-08 16:48:10,021 [INFO] IPUIPlugin:80 - create IPUIPlugin
2023-07-08 16:48:10,022 [INFO] IPUIPlugin:80 - create IPUIPlugin
2023-07-08 16:48:10,022 [INFO] IPUIPlugin:80 - create IPUIPlugin
2023-07-08 16:48:10,024 [INFO] IPUIPlugin:80 - create IPUIPlugin
2023-07-08 16:48:10,024 [INFO] IPUIPlugin:80 - create IPUIPlugin
2023-07-08 16:48:10,025 [INFO] IPUIPlugin:80 - create IPUIPlugin
2023-07-08 16:48:10,026 [INFO] IPUIPlugin:80 - create IPUIPlugin
2023-07-08 16:48:10,026 [INFO] IPUIPlugin:80 - create IPUIPlugin
2023-07-08 16:48:10,243 [INFO] CADModel:165 - CPN selected for project levelSTM32C011F6P3
2023-07-08 16:48:10,243 [INFO] CADModel:114 - Register for checkConnection events
2023-07-08 16:48:10,286 [INFO] OpenFileManager:328 - Restore cursor
2023-07-08 16:48:10,937 [INFO] UtilMem:75 - End SaveConfig() Used Memory: 511519288 Bytes (612368384)
2023-07-08 16:48:11,188 [INFO] UtilMem:75 - End SaveConfig() Used Memory: 580386656 Bytes (612368384)
2023-07-08 16:48:12,171 [INFO] BlockDiagram:2759 - set Specific Code input for plugin: NVIC
2023-07-08 16:48:12,173 [INFO] BlockDiagram:2759 - set Specific Code input for plugin: RCC
2023-07-08 16:48:12,183 [INFO] CodeGenerator:793 - code generatio: config db path: /opt/st/stm32cubeide_1.12.1/plugins/com.st.stm32cube.common.mx_6.8.1.202304191431//db/
2023-07-08 16:48:12,873 [INFO] CodeEngine:255 - oldGeneratedFile, /media/fabio/Dados/Projetos/franzininho-c0-exemplos-stm32cubeide/00-exemplo-template/MXTmpFiles/license.tmp_save
2023-07-08 16:48:13,867 [INFO] CodeEngine:279 - Generated code: /media/fabio/Dados/Projetos/franzininho-c0-exemplos-stm32cubeide/00-exemplo-template/MXTmpFiles/license.tmp
2023-07-08 16:48:14,090 [INFO] CodeEngine:255 - oldGeneratedFile, /media/fabio/Dados/Projetos/franzininho-c0-exemplos-stm32cubeide/00-exemplo-template/MXTmpFiles/cortex.tmp_save
2023-07-08 16:48:14,386 [INFO] CodeEngine:279 - Generated code: /media/fabio/Dados/Projetos/franzininho-c0-exemplos-stm32cubeide/00-exemplo-template/MXTmpFiles/cortex.tmp
2023-07-08 16:48:14,398 [INFO] CodeEngine:255 - oldGeneratedFile, /media/fabio/Dados/Projetos/franzininho-c0-exemplos-stm32cubeide/00-exemplo-template/Core/Src/stm32c0xx_it.c_save
2023-07-08 16:48:14,713 [INFO] CodeEngine:279 - Generated code: /media/fabio/Dados/Projetos/franzininho-c0-exemplos-stm32cubeide/00-exemplo-template/Core/Src/stm32c0xx_it.c
2023-07-08 16:48:14,717 [INFO] CodeEngine:255 - oldGeneratedFile, /media/fabio/Dados/Projetos/franzininho-c0-exemplos-stm32cubeide/00-exemplo-template/Core/Inc/stm32c0xx_it.h_save
2023-07-08 16:48:14,893 [INFO] CodeEngine:279 - Generated code: /media/fabio/Dados/Projetos/franzininho-c0-exemplos-stm32cubeide/00-exemplo-template/Core/Inc/stm32c0xx_it.h
2023-07-08 16:48:14,937 [INFO] CodeEngine:255 - oldGeneratedFile, /media/fabio/Dados/Projetos/franzininho-c0-exemplos-stm32cubeide/00-exemplo-template/Core/Src/stm32c0xx_hal_msp.c_save
2023-07-08 16:48:15,188 [INFO] CodeEngine:279 - Generated code: /media/fabio/Dados/Projetos/franzininho-c0-exemplos-stm32cubeide/00-exemplo-template/Core/Src/stm32c0xx_hal_msp.c
2023-07-08 16:48:15,194 [INFO] CodeEngine:255 - oldGeneratedFile, /media/fabio/Dados/Projetos/franzininho-c0-exemplos-stm32cubeide/00-exemplo-template/MXTmpFiles/system.tmp_save
2023-07-08 16:48:15,359 [INFO] CodeEngine:279 - Generated code: /media/fabio/Dados/Projetos/franzininho-c0-exemplos-stm32cubeide/00-exemplo-template/MXTmpFiles/system.tmp
2023-07-08 16:48:15,398 [INFO] CodeEngine:311 - oldGeneratedFile, /media/fabio/Dados/Projetos/franzininho-c0-exemplos-stm32cubeide/00-exemplo-template/Core/Inc/stm32c0xx_hal_conf.h_save
2023-07-08 16:48:15,594 [INFO] CodeEngine:335 - Generated code: /media/fabio/Dados/Projetos/franzininho-c0-exemplos-stm32cubeide/00-exemplo-template/Core/Inc/stm32c0xx_hal_conf.h
2023-07-08 16:48:15,646 [WARN] IPConfigManager:2937 - Warning: the RefConfig RCC_ConfigVoltageScaling is not available in your config.xml file
2023-07-08 16:48:15,651 [WARN] IPConfigManager:2937 - Warning: the RefConfig RCC_PClockConfig is not available in your config.xml file
2023-07-08 16:48:15,656 [WARN] IPConfigManager:2937 - Warning: the RefConfig RCC_interrupt_Time_SYSTICK_Config is not available in your config.xml file
2023-07-08 16:48:15,673 [INFO] CodeEngine:255 - oldGeneratedFile, /media/fabio/Dados/Projetos/franzininho-c0-exemplos-stm32cubeide/00-exemplo-template/Core/Inc/main.h_save
2023-07-08 16:48:15,967 [INFO] CodeEngine:279 - Generated code: /media/fabio/Dados/Projetos/franzininho-c0-exemplos-stm32cubeide/00-exemplo-template/Core/Inc/main.h
2023-07-08 16:48:15,976 [INFO] CodeEngine:255 - oldGeneratedFile, /media/fabio/Dados/Projetos/franzininho-c0-exemplos-stm32cubeide/00-exemplo-template/Core/Src/main.c_save
2023-07-08 16:48:16,302 [INFO] CodeEngine:279 - Generated code: /media/fabio/Dados/Projetos/franzininho-c0-exemplos-stm32cubeide/00-exemplo-template/Core/Src/main.c
2023-07-08 16:48:18,000 [INFO] ProjectBuilder:2996 - Time for Copy HAL[1] : 256mS.
2023-07-08 16:48:18,036 [INFO] ProjectBuilder:4304 - Project Generator version: 3.19.2
2023-07-08 16:48:19,114 [INFO] ConfigFileManager:1483 - The Die is : DIE443
2023-07-08 16:48:19,139 [INFO] ApiDbMcu:507 - Load IP Config File for FileX
2023-07-08 16:48:19,155 [INFO] ApiDbMcu:507 - Load IP Config File for ThreadX
2023-07-08 16:48:20,809 [INFO] LogOutputStream:77 - [STDOUT_REDIRECT] 
2023-07-08 16:48:27,267 [INFO] ProjectBuilder:4505 - Time for Generating toolchain IDE Files: 9230mS.
2023-07-08 16:48:27,272 [INFO] ProjectBuilder:2867 - Time for Copy CMSIS : 2mS.
2023-07-08 16:48:27,283 [INFO] ProjectBuilder:2867 - Time for Copy CMSIS : 1mS.
2023-07-08 16:48:28,753 [INFO] McuFinderGlobals:66 - Set McuFinderConnectedMode to true
2023-07-08 16:48:28,756 [INFO] ApiDb:448 - Save user favorites file /home/fabio/.stm32cubeide/favorites.mcus.txt: 0 item(s)
2023-07-08 16:48:28,756 [INFO] ApiDb:452 - User favorites MCUs=[]
2023-07-08 16:50:18,001 [WARN] MainPanel:257 - <html><b><center>Warning: This peripheral has no parameters to be configured<br></b></html>
2023-07-08 16:50:20,911 [INFO] Gpio:273 - dependency for GPIO [DEBUG, USART1]
2023-07-08 16:50:40,509 [INFO] Gpio:273 - dependency for GPIO [DEBUG, USART1]
2023-07-08 16:50:40,645 [INFO] Gpio:273 - dependency for GPIO [DEBUG, USART1]
2023-07-08 16:50:48,450 [INFO] Gpio:273 - dependency for GPIO [DEBUG, USART1]
2023-07-08 16:51:07,472 [INFO] Gpio:273 - dependency for GPIO [DEBUG, USART1]
2023-07-08 16:51:10,841 [INFO] Gpio:273 - dependency for GPIO [DEBUG, USART1]
2023-07-08 16:51:26,041 [INFO] NvicIntPanel:101 - NVIC parent = com.st.microxplorer.plugins.ip.nvic.MultiNvicIntPanel[,0,0,529x297,layout=javax.swing.BoxLayout,alignmentX=0.0,alignmentY=0.0,border=,flags=9,maximumSize=,minimumSize=,preferredSize=]
2023-07-08 16:51:44,252 [INFO] NvicIntPanel:101 - NVIC parent = com.st.microxplorer.plugins.ip.nvic.MultiNvicIntPanel[,0,0,529x279,layout=javax.swing.BoxLayout,alignmentX=0.0,alignmentY=0.0,border=,flags=9,maximumSize=,minimumSize=,preferredSize=]
2023-07-08 16:51:48,852 [INFO] UtilMem:75 - End SaveConfig() Used Memory: 691713776 Bytes (943718400)
2023-07-08 16:51:52,038 [INFO] UtilMem:75 - End SaveConfig() Used Memory: 595635912 Bytes (943718400)
2023-07-08 16:51:52,617 [INFO] BlockDiagram:2759 - set Specific Code input for plugin: NVIC
2023-07-08 16:51:52,617 [INFO] BlockDiagram:2759 - set Specific Code input for plugin: USART
2023-07-08 16:51:52,617 [INFO] BlockDiagram:2759 - set Specific Code input for plugin: SYS
2023-07-08 16:51:52,617 [INFO] BlockDiagram:2759 - set Specific Code input for plugin: DEBUG
2023-07-08 16:51:52,618 [INFO] BlockDiagram:2759 - set Specific Code input for plugin: GPIO
2023-07-08 16:51:52,618 [INFO] BlockDiagram:2759 - set Specific Code input for plugin: RCC
2023-07-08 16:51:52,619 [INFO] CodeGenerator:793 - code generatio: config db path: /opt/st/stm32cubeide_1.12.1/plugins/com.st.stm32cube.common.mx_6.8.1.202304191431//db/
2023-07-08 16:51:52,973 [INFO] CodeEngine:255 - oldGeneratedFile, /media/fabio/Dados/Projetos/franzininho-c0-exemplos-stm32cubeide/00-exemplo-template/MXTmpFiles/license.tmp_save
2023-07-08 16:51:53,103 [INFO] CodeEngine:279 - Generated code: /media/fabio/Dados/Projetos/franzininho-c0-exemplos-stm32cubeide/00-exemplo-template/MXTmpFiles/license.tmp
2023-07-08 16:51:53,298 [INFO] CodeEngine:255 - oldGeneratedFile, /media/fabio/Dados/Projetos/franzininho-c0-exemplos-stm32cubeide/00-exemplo-template/MXTmpFiles/gpio.tmp_save
2023-07-08 16:51:53,411 [INFO] CodeEngine:279 - Generated code: /media/fabio/Dados/Projetos/franzininho-c0-exemplos-stm32cubeide/00-exemplo-template/MXTmpFiles/gpio.tmp
2023-07-08 16:51:53,564 [WARN] IPConfigManager:99 - WARNING: Missing Config File for DEBUG ip!!
2023-07-08 16:51:54,208 [INFO] CodeEngine:255 - oldGeneratedFile, /media/fabio/Dados/Projetos/franzininho-c0-exemplos-stm32cubeide/00-exemplo-template/MXTmpFiles/cortex.tmp_save
2023-07-08 16:51:54,300 [INFO] CodeEngine:279 - Generated code: /media/fabio/Dados/Projetos/franzininho-c0-exemplos-stm32cubeide/00-exemplo-template/MXTmpFiles/cortex.tmp
2023-07-08 16:51:54,313 [INFO] CodeEngine:255 - oldGeneratedFile, /media/fabio/Dados/Projetos/franzininho-c0-exemplos-stm32cubeide/00-exemplo-template/Core/Src/stm32c0xx_it.c_save
2023-07-08 16:51:54,440 [INFO] CodeEngine:279 - Generated code: /media/fabio/Dados/Projetos/franzininho-c0-exemplos-stm32cubeide/00-exemplo-template/Core/Src/stm32c0xx_it.c
2023-07-08 16:51:54,446 [INFO] CodeEngine:255 - oldGeneratedFile, /media/fabio/Dados/Projetos/franzininho-c0-exemplos-stm32cubeide/00-exemplo-template/Core/Inc/stm32c0xx_it.h_save
2023-07-08 16:51:54,523 [INFO] CodeEngine:279 - Generated code: /media/fabio/Dados/Projetos/franzininho-c0-exemplos-stm32cubeide/00-exemplo-template/Core/Inc/stm32c0xx_it.h
2023-07-08 16:51:54,739 [INFO] CodeEngine:255 - oldGeneratedFile, /media/fabio/Dados/Projetos/franzininho-c0-exemplos-stm32cubeide/00-exemplo-template/Core/Src/stm32c0xx_hal_msp.c_save
2023-07-08 16:51:54,905 [INFO] CodeEngine:279 - Generated code: /media/fabio/Dados/Projetos/franzininho-c0-exemplos-stm32cubeide/00-exemplo-template/Core/Src/stm32c0xx_hal_msp.c
2023-07-08 16:51:54,910 [INFO] CodeEngine:255 - oldGeneratedFile, /media/fabio/Dados/Projetos/franzininho-c0-exemplos-stm32cubeide/00-exemplo-template/MXTmpFiles/system.tmp_save
2023-07-08 16:51:54,994 [INFO] CodeEngine:279 - Generated code: /media/fabio/Dados/Projetos/franzininho-c0-exemplos-stm32cubeide/00-exemplo-template/MXTmpFiles/system.tmp
2023-07-08 16:51:55,007 [INFO] CodeEngine:311 - oldGeneratedFile, /media/fabio/Dados/Projetos/franzininho-c0-exemplos-stm32cubeide/00-exemplo-template/Core/Inc/stm32c0xx_hal_conf.h_save
2023-07-08 16:51:55,087 [INFO] CodeEngine:335 - Generated code: /media/fabio/Dados/Projetos/franzininho-c0-exemplos-stm32cubeide/00-exemplo-template/Core/Inc/stm32c0xx_hal_conf.h
2023-07-08 16:51:55,098 [WARN] IPConfigManager:2937 - Warning: the RefConfig RCC_ConfigVoltageScaling is not available in your config.xml file
2023-07-08 16:51:55,100 [WARN] IPConfigManager:2937 - Warning: the RefConfig RCC_PClockConfig is not available in your config.xml file
2023-07-08 16:51:55,100 [WARN] IPConfigManager:2937 - Warning: the RefConfig RCC_interrupt_Time_SYSTICK_Config is not available in your config.xml file
2023-07-08 16:51:55,113 [INFO] CodeEngine:255 - oldGeneratedFile, /media/fabio/Dados/Projetos/franzininho-c0-exemplos-stm32cubeide/00-exemplo-template/Core/Inc/main.h_save
2023-07-08 16:51:55,230 [INFO] CodeEngine:279 - Generated code: /media/fabio/Dados/Projetos/franzininho-c0-exemplos-stm32cubeide/00-exemplo-template/Core/Inc/main.h
2023-07-08 16:51:55,243 [INFO] CodeEngine:255 - oldGeneratedFile, /media/fabio/Dados/Projetos/franzininho-c0-exemplos-stm32cubeide/00-exemplo-template/Core/Src/main.c_save
2023-07-08 16:51:55,390 [INFO] CodeEngine:279 - Generated code: /media/fabio/Dados/Projetos/franzininho-c0-exemplos-stm32cubeide/00-exemplo-template/Core/Src/main.c
2023-07-08 16:51:56,224 [INFO] ProjectBuilder:2996 - Time for Copy HAL[1] : 182mS.
2023-07-08 16:51:56,228 [INFO] ProjectBuilder:4304 - Project Generator version: 3.19.2
2023-07-08 16:51:56,812 [INFO] ConfigFileManager:1483 - The Die is : DIE443
2023-07-08 16:51:59,461 [INFO] ProjectBuilder:4505 - Time for Generating toolchain IDE Files: 3233mS.
2023-07-08 16:51:59,462 [INFO] ProjectBuilder:2867 - Time for Copy CMSIS : 0mS.
2023-07-08 16:51:59,466 [INFO] ProjectBuilder:2867 - Time for Copy CMSIS : 0mS.
2023-07-08 16:52:20,093 [INFO] CADModel:198 - CPN selected (Project mode): STM32C011F6P3
2023-07-08 16:52:20,094 [INFO] CADModel:200 - Internet connection configuration mode: 1
2023-07-08 16:52:20,094 [INFO] CADModel:203 - rpn retrievedSTM32C011F6
2023-07-08 16:52:20,123 [INFO] JxBrowserEngine:115 - Initiate JxBrowser Engine with user profile folder
2023-07-08 16:52:23,393 [INFO] WebAppUi:272 - Instantiating new browser for Project
2023-07-08 16:52:24,021 [INFO] WebAppUi:1170 - Register for checkConnection events
2023-07-08 16:52:24,022 [INFO] WebAppUi:1205 - Apply proxy settings
2023-07-08 16:52:24,022 [INFO] WebAppUi:1243 - Chromium requires no authentication
2023-07-08 16:52:24,033 [INFO] WebAppUi:1229 - Direct internet connection detected
2023-07-08 16:52:24,172 [INFO] WebAppUi:297 - Starting web application
2023-07-08 16:52:24,172 [INFO] WebAppUi:1101 - Web application path used /opt/st/stm32cubeide_1.12.1/plugins/com.st.stm32cube.common.mx_6.8.1.202304191431/db/plugins/mcufinder/reactClient/index.html
2023-07-08 16:52:24,215 [INFO] WebAppUi:870 - Path where api_config.json is located /home/fabio/.stmcufinder/plugins/mcufinder//mcu/api_config.json
2023-07-08 16:52:24,216 [INFO] WebAppUi:871 - Setting api config in window object
2023-07-08 16:52:24,296 [WARN] WebAppUi:908 - Cannot access cad_preferences.json
2023-07-08 16:52:24,297 [WARN] WebAppUi:911 - Fallback to default consent
2023-07-08 16:52:24,298 [INFO] WebAppUi:879 - Path where cad_preferences.json is located /home/fabio/.stm32cubeide/
2023-07-08 16:52:24,298 [INFO] WebAppUi:880 - Setting consent info in window object
2023-07-08 16:52:25,258 [INFO] WebAppUi:775 - Allow Downloads
2023-07-08 16:52:25,259 [INFO] WebAppUi:272 - Instantiating new browser for Finder
2023-07-08 16:52:25,436 [INFO] WebAppUi:1170 - Register for checkConnection events
2023-07-08 16:52:25,437 [INFO] WebAppUi:1205 - Apply proxy settings
2023-07-08 16:52:25,437 [INFO] WebAppUi:1243 - Chromium requires no authentication
2023-07-08 16:52:25,438 [INFO] WebAppUi:1229 - Direct internet connection detected
2023-07-08 16:52:25,446 [INFO] WebAppUi:297 - Starting web application
2023-07-08 16:52:25,447 [INFO] WebAppUi:1101 - Web application path used /opt/st/stm32cubeide_1.12.1/plugins/com.st.stm32cube.common.mx_6.8.1.202304191431/db/plugins/mcufinder/reactClient/index.html
2023-07-08 16:52:25,463 [INFO] WebAppUi:870 - Path where api_config.json is located /home/fabio/.stmcufinder/plugins/mcufinder//mcu/api_config.json
2023-07-08 16:52:25,463 [INFO] WebAppUi:871 - Setting api config in window object
2023-07-08 16:52:25,487 [INFO] WebAppUi:879 - Path where cad_preferences.json is located /home/fabio/.stm32cubeide/
2023-07-08 16:52:25,487 [INFO] WebAppUi:880 - Setting consent info in window object
2023-07-08 16:52:26,497 [INFO] WebAppUi:775 - Allow Downloads
2023-07-08 16:52:26,498 [INFO] WebAppUi:596 - RPN selected STM32C011F6
2023-07-08 16:52:26,499 [INFO] WebAppUi:597 - RefName selected STM32C011F6Px
2023-07-08 16:52:26,499 [INFO] WebAppUi:598 - CPN selected STM32C011F6P3
2023-07-08 16:52:26,506 [INFO] WebAppUi:761 - Which Bigleton in use 2 and which CPN is about STM32C011F6P3
2023-07-08 16:52:26,507 [INFO] WebAppUi:635 - Have injected Javascript into web application
2023-07-08 16:52:26,508 [INFO] WebAppUiContainer:153 - Web application run mode: Project CPN: STM32C011F6P3
2023-07-08 16:52:26,694 [INFO] CADModel:198 - CPN selected (Project mode): STM32C011F6P3
2023-07-08 16:52:26,694 [INFO] CADModel:200 - Internet connection configuration mode: 1
2023-07-08 16:52:26,694 [INFO] CADModel:203 - rpn retrievedSTM32C011F6
2023-07-08 16:52:26,695 [INFO] WebAppUi:596 - RPN selected STM32C011F6
2023-07-08 16:52:26,695 [INFO] WebAppUi:597 - RefName selected STM32C011F6Px
2023-07-08 16:52:26,695 [INFO] WebAppUi:598 - CPN selected STM32C011F6P3
2023-07-08 16:52:26,696 [INFO] WebAppUi:761 - Which Bigleton in use 2 and which CPN is about STM32C011F6P3
2023-07-08 16:52:26,697 [INFO] WebAppUi:635 - Have injected Javascript into web application
2023-07-08 16:52:26,697 [INFO] WebAppUiContainer:153 - Web application run mode: Project CPN: STM32C011F6P3
2023-07-08 16:52:28,330 [INFO] WebAppUi:1035 - Web application message: CAD resources feature launch attempt
2023-07-08 16:52:28,330 [INFO] WebAppUi:1035 - Web application message: CAD resources feature launch attempt
2023-07-08 16:52:28,498 [INFO] NvicIntPanel:101 - NVIC parent = com.st.microxplorer.plugins.ip.nvic.MultiNvicIntPanel[,0,0,0x0,invalid,layout=javax.swing.BoxLayout,alignmentX=0.0,alignmentY=0.0,border=,flags=9,maximumSize=,minimumSize=,preferredSize=]
2023-07-08 16:52:30,328 [INFO] WebAppUi:1035 - Web application message: CAD resources feature launch attempt
2023-07-08 16:52:30,329 [INFO] WebAppUi:1035 - Web application message: CAD resources feature launch attempt
2023-07-08 16:52:31,052 [INFO] WebAppUi:1035 - Web application message: [UlApiManager component] Connected to Ultra Librarian SSO
2023-07-08 16:52:31,066 [INFO] WebAppUi:1035 - Web application message: [UlApiManager component] Connected to Ultra Librarian API
2023-07-08 16:52:31,328 [INFO] WebAppUi:1035 - Web application message: CAD resources feature launch attempt
2023-07-08 16:52:31,328 [INFO] WebAppUi:1035 - Web application message: CAD resources feature launch attempt
2023-07-08 16:52:31,649 [INFO] WebAppUi:1035 - Web application message: [UlApiManager component] Connected to Ultra Librarian SSO
2023-07-08 16:52:31,662 [INFO] WebAppUi:1035 - Web application message: [UlApiManager component] Connected to Ultra Librarian API
2023-07-08 16:52:33,327 [INFO] WebAppUi:1035 - Web application message: CAD resources feature launch attempt
2023-07-08 16:52:33,351 [INFO] WebAppUi:1035 - Web application message: CAD resources feature launch attempt
2023-07-08 16:52:34,335 [INFO] WebAppUi:1035 - Web application message: Project naming
2023-07-08 16:52:35,650 [INFO] WebAppUi:870 - Path where api_config.json is located /home/fabio/.stmcufinder/plugins/mcufinder//mcu/api_config.json
2023-07-08 16:52:35,651 [INFO] WebAppUi:871 - Setting api config in window object
2023-07-08 16:52:35,686 [INFO] WebAppUi:879 - Path where cad_preferences.json is located /home/fabio/.stm32cubeide/
2023-07-08 16:52:35,687 [INFO] WebAppUi:880 - Setting consent info in window object
2023-07-08 16:52:38,460 [INFO] WebAppUi:1035 - Web application message: THREE.WebGLRenderer 101
2023-07-08 16:52:48,122 [INFO] NvicIntPanel:101 - NVIC parent = com.st.microxplorer.plugins.ip.nvic.MultiNvicIntPanel[,0,0,0x0,invalid,layout=javax.swing.BoxLayout,alignmentX=0.0,alignmentY=0.0,border=,flags=9,maximumSize=,minimumSize=,preferredSize=]
2023-07-08 16:53:23,909 [INFO] UtilMem:75 - End SaveConfig() Used Memory: 558849128 Bytes (952107008)
2023-07-08 16:53:26,110 [INFO] UtilMem:75 - End SaveConfig() Used Memory: 575329616 Bytes (952107008)
2023-07-08 16:53:28,355 [INFO] UtilMem:75 - End SaveConfig() Used Memory: 617493760 Bytes (952107008)
2023-07-08 16:53:29,373 [INFO] BlockDiagram:2759 - set Specific Code input for plugin: NVIC
2023-07-08 16:53:29,373 [INFO] BlockDiagram:2759 - set Specific Code input for plugin: USART
2023-07-08 16:53:29,373 [INFO] BlockDiagram:2759 - set Specific Code input for plugin: SYS
2023-07-08 16:53:29,373 [INFO] BlockDiagram:2759 - set Specific Code input for plugin: DEBUG
2023-07-08 16:53:29,374 [INFO] BlockDiagram:2759 - set Specific Code input for plugin: GPIO
2023-07-08 16:53:29,374 [INFO] BlockDiagram:2759 - set Specific Code input for plugin: RCC
2023-07-08 16:53:29,379 [INFO] CodeGenerator:793 - code generatio: config db path: /opt/st/stm32cubeide_1.12.1/plugins/com.st.stm32cube.common.mx_6.8.1.202304191431//db/
2023-07-08 16:53:29,755 [INFO] CodeEngine:255 - oldGeneratedFile, /media/fabio/Dados/Projetos/franzininho-c0-exemplos-stm32cubeide/00-exemplo-template/MXTmpFiles/license.tmp_save
2023-07-08 16:53:29,868 [INFO] CodeEngine:279 - Generated code: /media/fabio/Dados/Projetos/franzininho-c0-exemplos-stm32cubeide/00-exemplo-template/MXTmpFiles/license.tmp
2023-07-08 16:53:30,129 [INFO] CodeEngine:255 - oldGeneratedFile, /media/fabio/Dados/Projetos/franzininho-c0-exemplos-stm32cubeide/00-exemplo-template/MXTmpFiles/gpio.tmp_save
2023-07-08 16:53:30,251 [INFO] CodeEngine:279 - Generated code: /media/fabio/Dados/Projetos/franzininho-c0-exemplos-stm32cubeide/00-exemplo-template/MXTmpFiles/gpio.tmp
2023-07-08 16:53:30,619 [WARN] IPConfigManager:99 - WARNING: Missing Config File for DEBUG ip!!
2023-07-08 16:53:31,236 [INFO] CodeEngine:255 - oldGeneratedFile, /media/fabio/Dados/Projetos/franzininho-c0-exemplos-stm32cubeide/00-exemplo-template/MXTmpFiles/cortex.tmp_save
2023-07-08 16:53:31,321 [INFO] CodeEngine:279 - Generated code: /media/fabio/Dados/Projetos/franzininho-c0-exemplos-stm32cubeide/00-exemplo-template/MXTmpFiles/cortex.tmp
2023-07-08 16:53:31,333 [INFO] CodeEngine:255 - oldGeneratedFile, /media/fabio/Dados/Projetos/franzininho-c0-exemplos-stm32cubeide/00-exemplo-template/Core/Src/stm32c0xx_it.c_save
2023-07-08 16:53:31,432 [INFO] CodeEngine:279 - Generated code: /media/fabio/Dados/Projetos/franzininho-c0-exemplos-stm32cubeide/00-exemplo-template/Core/Src/stm32c0xx_it.c
2023-07-08 16:53:31,438 [INFO] CodeEngine:255 - oldGeneratedFile, /media/fabio/Dados/Projetos/franzininho-c0-exemplos-stm32cubeide/00-exemplo-template/Core/Inc/stm32c0xx_it.h_save
2023-07-08 16:53:31,552 [INFO] CodeEngine:279 - Generated code: /media/fabio/Dados/Projetos/franzininho-c0-exemplos-stm32cubeide/00-exemplo-template/Core/Inc/stm32c0xx_it.h
2023-07-08 16:53:31,729 [INFO] CodeEngine:255 - oldGeneratedFile, /media/fabio/Dados/Projetos/franzininho-c0-exemplos-stm32cubeide/00-exemplo-template/Core/Src/stm32c0xx_hal_msp.c_save
2023-07-08 16:53:31,855 [INFO] CodeEngine:279 - Generated code: /media/fabio/Dados/Projetos/franzininho-c0-exemplos-stm32cubeide/00-exemplo-template/Core/Src/stm32c0xx_hal_msp.c
2023-07-08 16:53:31,867 [INFO] CodeEngine:255 - oldGeneratedFile, /media/fabio/Dados/Projetos/franzininho-c0-exemplos-stm32cubeide/00-exemplo-template/MXTmpFiles/system.tmp_save
2023-07-08 16:53:31,960 [INFO] CodeEngine:279 - Generated code: /media/fabio/Dados/Projetos/franzininho-c0-exemplos-stm32cubeide/00-exemplo-template/MXTmpFiles/system.tmp
2023-07-08 16:53:31,973 [INFO] CodeEngine:311 - oldGeneratedFile, /media/fabio/Dados/Projetos/franzininho-c0-exemplos-stm32cubeide/00-exemplo-template/Core/Inc/stm32c0xx_hal_conf.h_save
2023-07-08 16:53:32,081 [INFO] CodeEngine:335 - Generated code: /media/fabio/Dados/Projetos/franzininho-c0-exemplos-stm32cubeide/00-exemplo-template/Core/Inc/stm32c0xx_hal_conf.h
2023-07-08 16:53:32,092 [WARN] IPConfigManager:2937 - Warning: the RefConfig RCC_ConfigVoltageScaling is not available in your config.xml file
2023-07-08 16:53:32,093 [WARN] IPConfigManager:2937 - Warning: the RefConfig RCC_PClockConfig is not available in your config.xml file
2023-07-08 16:53:32,093 [WARN] IPConfigManager:2937 - Warning: the RefConfig RCC_interrupt_Time_SYSTICK_Config is not available in your config.xml file
2023-07-08 16:53:32,105 [INFO] CodeEngine:255 - oldGeneratedFile, /media/fabio/Dados/Projetos/franzininho-c0-exemplos-stm32cubeide/00-exemplo-template/Core/Inc/main.h_save
2023-07-08 16:53:32,196 [INFO] CodeEngine:279 - Generated code: /media/fabio/Dados/Projetos/franzininho-c0-exemplos-stm32cubeide/00-exemplo-template/Core/Inc/main.h
2023-07-08 16:53:32,203 [INFO] CodeEngine:255 - oldGeneratedFile, /media/fabio/Dados/Projetos/franzininho-c0-exemplos-stm32cubeide/00-exemplo-template/Core/Src/main.c_save
2023-07-08 16:53:32,319 [INFO] CodeEngine:279 - Generated code: /media/fabio/Dados/Projetos/franzininho-c0-exemplos-stm32cubeide/00-exemplo-template/Core/Src/main.c
2023-07-08 16:53:33,135 [INFO] ProjectBuilder:2996 - Time for Copy HAL[1] : 191mS.
2023-07-08 16:53:33,142 [INFO] ProjectBuilder:4304 - Project Generator version: 3.19.2
2023-07-08 16:53:33,682 [INFO] ConfigFileManager:1483 - The Die is : DIE443
2023-07-08 16:53:36,033 [INFO] ProjectBuilder:4505 - Time for Generating toolchain IDE Files: 2891mS.
2023-07-08 16:53:36,034 [INFO] ProjectBuilder:2867 - Time for Copy CMSIS : 1mS.
2023-07-08 16:53:36,039 [INFO] ProjectBuilder:2867 - Time for Copy CMSIS : 1mS.
2023-07-08 17:36:00,676 [INFO] WebAppUi:241 - Path where cad_preferences.json is located /home/fabio/.stm32cubeide/
2023-07-08 17:36:00,678 [INFO] WebAppUi:242 - Updating consent from JSON file
2023-07-08 17:36:00,685 [INFO] WebAppUi:241 - Path where cad_preferences.json is located /home/fabio/.stm32cubeide/
2023-07-08 17:36:00,686 [INFO] WebAppUi:242 - Updating consent from JSON file
2023-07-08 17:36:00,826 [INFO] WebAppUi:430 - JxBrowser engine has been closed 
2023-07-08 17:36:00,827 [INFO] WebAppUi:467 - Close the Jxbrowser engine manually
2023-07-08 17:36:01,287 [ERROR] LogOutputStream:75 - [STDERR_REDIRECT] 
